{"name": "User can search for a product", "status": "broken", "statusDetails": {"message": "selenium.common.exceptions.NoSuchWindowException: Message: no such window: target window already closed\nfrom unknown error: web view not found\n  (Session info: chrome=126.0.6478.56)\nStacktrace:\n\tGetHandleVerifier [0x00DB0E23+27667]\n\t(No symbol) [0x00D46B24]\n\t(No symbol) [0x00C41AFF]\n\t(No symbol) [0x00C1E483]\n\t(No symbol) [0x00CAA00F]\n\t(No symbol) [0x00CBC376]\n\t(No symbol) [0x00CA36C6]\n\t(No symbol) [0x00C774D1]\n\t(No symbol) [0x00C7804D]\n\tGetHandleVerifier [0x01063CA3+2857619]\n\tGetHandleVerifier [0x010B7E0D+3202045]\n\tGetHandleVerifier [0x00E34624+566292]\n\tGetHandleVerifier [0x00E3B81C+595468]\n\t(No symbol) [0x00D4F914]\n\t(No symbol) [0x00D4C628]\n\t(No symbol) [0x00D4C7C7]\n\t(No symbol) [0x00D3E6BE]\n\tBaseThreadInitThunk [0x763A7BA9+25]\n\tRtlInitializeExceptionChain [0x7796BE3B+107]\n\tRtlClearBits [0x7796BDBF+191]\n\n", "trace": "  File \"C:\\Users\\Dimitri\\Desktop\\Internship-Project\\venv\\Lib\\site-packages\\behave\\runner.py\", line 545, in run_hook\n    self.hooks[name](context, *args)\n  File \"features\\environment.py\", line 65, in after_step\n    allure.attach(context.driver.get_screenshot_as_png(), name='screenshot', attachment_type=AttachmentType.PNG)\n                  ^^^^^^^^^^^^^^^^^^^^^^^^^^^^^^^^^^^^^^\n  File \"C:\\Users\\Dimitri\\Desktop\\Internship-Project\\venv\\Lib\\site-packages\\selenium\\webdriver\\remote\\webdriver.py\", line 832, in get_screenshot_as_png\n    return b64decode(self.get_screenshot_as_base64().encode(\"ascii\"))\n                     ^^^^^^^^^^^^^^^^^^^^^^^^^^^^^^^\n  File \"C:\\Users\\Dimitri\\Desktop\\Internship-Project\\venv\\Lib\\site-packages\\selenium\\webdriver\\remote\\webdriver.py\", line 843, in get_screenshot_as_base64\n    return self.execute(Command.SCREENSHOT)[\"value\"]\n           ^^^^^^^^^^^^^^^^^^^^^^^^^^^^^^^^\n  File \"C:\\Users\\Dimitri\\Desktop\\Internship-Project\\venv\\Lib\\site-packages\\selenium\\webdriver\\remote\\webdriver.py\", line 347, in execute\n    self.error_handler.check_response(response)\n  File \"C:\\Users\\Dimitri\\Desktop\\Internship-Project\\venv\\Lib\\site-packages\\selenium\\webdriver\\remote\\errorhandler.py\", line 229, in check_response\n    raise exception_class(message, screen, stacktrace)\n"}, "steps": [{"name": "Given Open Google page", "status": "passed", "start": 1718267630039, "stop": 1718267631296}, {"name": "When Input Car into search field", "status": "passed", "start": 1718267631296, "stop": 1718267635341}, {"name": "And Click on search icon", "status": "broken", "statusDetails": {"message": "selenium.common.exceptions.NoSuchWindowException: Message: no such window: target window already closed\nfrom unknown error: web view not found\n  (Session info: chrome=126.0.6478.56)\nStacktrace:\n\tGetHandleVerifier [0x00DB0E23+27667]\n\t(No symbol) [0x00D46B24]\n\t(No symbol) [0x00C41AFF]\n\t(No symbol) [0x00C1E483]\n\t(No symbol) [0x00CAA00F]\n\t(No symbol) [0x00CBC376]\n\t(No symbol) [0x00CA36C6]\n\t(No symbol) [0x00C774D1]\n\t(No symbol) [0x00C7804D]\n\tGetHandleVerifier [0x01063CA3+2857619]\n\tGetHandleVerifier [0x010B7E0D+3202045]\n\tGetHandleVerifier [0x00E34624+566292]\n\tGetHandleVerifier [0x00E3B81C+595468]\n\t(No symbol) [0x00D4F914]\n\t(No symbol) [0x00D4C628]\n\t(No symbol) [0x00D4C7C7]\n\t(No symbol) [0x00D3E6BE]\n\tBaseThreadInitThunk [0x763A7BA9+25]\n\tRtlInitializeExceptionChain [0x7796BE3B+107]\n\tRtlClearBits [0x7796BDBF+191]\n\n", "trace": "  File \"C:\\Users\\Dimitri\\Desktop\\Internship-Project\\venv\\Lib\\site-packages\\behave\\runner.py\", line 545, in run_hook\n    self.hooks[name](context, *args)\n  File \"features\\environment.py\", line 65, in after_step\n    allure.attach(context.driver.get_screenshot_as_png(), name='screenshot', attachment_type=AttachmentType.PNG)\n                  ^^^^^^^^^^^^^^^^^^^^^^^^^^^^^^^^^^^^^^\n  File \"C:\\Users\\Dimitri\\Desktop\\Internship-Project\\venv\\Lib\\site-packages\\selenium\\webdriver\\remote\\webdriver.py\", line 832, in get_screenshot_as_png\n    return b64decode(self.get_screenshot_as_base64().encode(\"ascii\"))\n                     ^^^^^^^^^^^^^^^^^^^^^^^^^^^^^^^\n  File \"C:\\Users\\Dimitri\\Desktop\\Internship-Project\\venv\\Lib\\site-packages\\selenium\\webdriver\\remote\\webdriver.py\", line 843, in get_screenshot_as_base64\n    return self.execute(Command.SCREENSHOT)[\"value\"]\n           ^^^^^^^^^^^^^^^^^^^^^^^^^^^^^^^^\n  File \"C:\\Users\\Dimitri\\Desktop\\Internship-Project\\venv\\Lib\\site-packages\\selenium\\webdriver\\remote\\webdriver.py\", line 347, in execute\n    self.error_handler.check_response(response)\n  File \"C:\\Users\\Dimitri\\Desktop\\Internship-Project\\venv\\Lib\\site-packages\\selenium\\webdriver\\remote\\errorhandler.py\", line 229, in check_response\n    raise exception_class(message, screen, stacktrace)\n"}, "start": 1718267635341, "stop": 1718267635360}, {"name": "Then Product results for Car are shown", "status": "skipped", "start": 1718267635361, "stop": 1718267635361}], "start": 1718267628442, "stop": 1718267635361, "uuid": "75e00d4e-b3ce-46a0-81f4-e2e6c18822ef", "historyId": "e6287342e7156c528eb108828dfaac79", "fullName": "Test Scenarios for Search functionality: User can search for a product", "labels": [{"name": "severity", "value": "normal"}, {"name": "feature", "value": "Test Scenarios for Search functionality"}, {"name": "framework", "value": "behave"}, {"name": "language", "value": "cpython3"}]}